[11-May-2021 19:14:17 Asia/Bangkok] PHP Parse error:  syntax error, unexpected $end, expecting T_VARIABLE or T_DOLLAR_OPEN_CURLY_BRACES or T_CURLY_OPEN in /var/www/html/remaining_budget/app/cronjob/grand_admin/MediaWalletResources.php on line 8001
[11-May-2021 20:22:46 Asia/Bangkok] PHP Parse error:  syntax error, unexpected T_SL in /var/www/html/remaining_budget/app/cronjob/grand_admin/MediaWalletResources.php on line 308
[11-May-2021 20:24:31 Asia/Bangkok] PHP Parse error:  syntax error, unexpected T_SL in /var/www/html/remaining_budget/app/cronjob/grand_admin/MediaWalletResources.php on line 308
[11-May-2021 20:32:38 Asia/Bangkok] PHP Parse error:  syntax error, unexpected T_STRING in /var/www/html/remaining_budget/app/cronjob/grand_admin/MediaWalletResources.php on line 577
[11-May-2021 20:37:48 Asia/Bangkok] PHP Notice:  Undefined variable: sql in /var/www/html/remaining_budget/app/cronjob/grand_admin/MediaWalletResources.php on line 309
[11-May-2021 20:38:03 Asia/Bangkok] PHP Parse error:  syntax error, unexpected T_STRING in /var/www/html/remaining_budget/app/cronjob/grand_admin/MediaWalletResources.php on line 570
[11-May-2021 22:15:56 Asia/Bangkok] PHP Parse error:  syntax error, unexpected T_STRING in /var/www/html/remaining_budget/app/cronjob/grand_admin/MediaWalletResources.php on line 495
[11-May-2021 22:32:49 Asia/Bangkok] PHP Parse error:  syntax error, unexpected T_STRING in /var/www/html/remaining_budget/app/cronjob/grand_admin/MediaWalletResources.php on line 309
[11-May-2021 23:21:35 Asia/Bangkok] PHP Parse error:  syntax error, unexpected T_STRING in /var/www/html/remaining_budget/app/cronjob/grand_admin/MediaWalletResources.php on line 430
[11-May-2021 23:21:42 Asia/Bangkok] PHP Parse error:  syntax error, unexpected T_STRING in /var/www/html/remaining_budget/app/cronjob/grand_admin/MediaWalletResources.php on line 430
[11-May-2021 23:36:21 Asia/Bangkok] PHP Notice:  Undefined index: grandadmin_customer_name in /var/www/html/remaining_budget/app/cronjob/grand_admin/FreeClickCostResources.php on line 322
[11-May-2021 23:36:21 Asia/Bangkok] PHP Notice:  Undefined index: grandadmin_customer_name in /var/www/html/remaining_budget/app/cronjob/grand_admin/FreeClickCostResources.php on line 322
[11-May-2021 23:36:22 Asia/Bangkok] PHP Notice:  Undefined index: grandadmin_customer_name in /var/www/html/remaining_budget/app/cronjob/grand_admin/FreeClickCostResources.php on line 322
[11-May-2021 23:36:23 Asia/Bangkok] PHP Notice:  Undefined index: grandadmin_customer_name in /var/www/html/remaining_budget/app/cronjob/grand_admin/FreeClickCostResources.php on line 322
[11-May-2021 23:36:25 Asia/Bangkok] PHP Notice:  Undefined index: grandadmin_customer_name in /var/www/html/remaining_budget/app/cronjob/grand_admin/FreeClickCostResources.php on line 322
[11-May-2021 23:36:27 Asia/Bangkok] PHP Notice:  Undefined index: grandadmin_customer_name in /var/www/html/remaining_budget/app/cronjob/grand_admin/FreeClickCostResources.php on line 322
[11-May-2021 23:40:16 Asia/Bangkok] PHP Notice:  Undefined index: grandadmin_customer_name in /var/www/html/remaining_budget/app/cronjob/grand_admin/FreeClickCostResources.php on line 322
[11-May-2021 23:40:16 Asia/Bangkok] PHP Notice:  Undefined index: grandadmin_customer_name in /var/www/html/remaining_budget/app/cronjob/grand_admin/FreeClickCostResources.php on line 322
[11-May-2021 23:40:17 Asia/Bangkok] PHP Notice:  Undefined index: grandadmin_customer_name in /var/www/html/remaining_budget/app/cronjob/grand_admin/FreeClickCostResources.php on line 322
[11-May-2021 23:40:17 Asia/Bangkok] PHP Notice:  Undefined index: grandadmin_customer_name in /var/www/html/remaining_budget/app/cronjob/grand_admin/FreeClickCostResources.php on line 322
[11-May-2021 23:40:18 Asia/Bangkok] PHP Notice:  Undefined index: grandadmin_customer_name in /var/www/html/remaining_budget/app/cronjob/grand_admin/FreeClickCostResources.php on line 322
[11-May-2021 23:44:10 Asia/Bangkok] PHP Notice:  Undefined index: grandadmin_customer_name in /var/www/html/remaining_budget/app/cronjob/grand_admin/FreeClickCostResources.php on line 319
[11-May-2021 23:44:10 Asia/Bangkok] PHP Notice:  Undefined index: grandadmin_customer_name in /var/www/html/remaining_budget/app/cronjob/grand_admin/FreeClickCostResources.php on line 319
[11-May-2021 23:44:12 Asia/Bangkok] PHP Notice:  Undefined index: grandadmin_customer_name in /var/www/html/remaining_budget/app/cronjob/grand_admin/FreeClickCostResources.php on line 319
[11-May-2021 23:44:12 Asia/Bangkok] PHP Notice:  Undefined index: grandadmin_customer_name in /var/www/html/remaining_budget/app/cronjob/grand_admin/FreeClickCostResources.php on line 319
[11-May-2021 23:44:13 Asia/Bangkok] PHP Notice:  Undefined index: grandadmin_customer_name in /var/www/html/remaining_budget/app/cronjob/grand_admin/FreeClickCostResources.php on line 319
[11-May-2021 23:44:14 Asia/Bangkok] PHP Notice:  Undefined index: grandadmin_customer_name in /var/www/html/remaining_budget/app/cronjob/grand_admin/FreeClickCostResources.php on line 319
[11-May-2021 23:44:15 Asia/Bangkok] PHP Notice:  Undefined index: grandadmin_customer_name in /var/www/html/remaining_budget/app/cronjob/grand_admin/FreeClickCostResources.php on line 319
[11-May-2021 23:44:15 Asia/Bangkok] PHP Notice:  Undefined index: grandadmin_customer_name in /var/www/html/remaining_budget/app/cronjob/grand_admin/FreeClickCostResources.php on line 319
